[    0.000000] Initializing cgroup subsys cpuset
[    0.000000] Initializing cgroup subsys cpu
[    0.000000] Initializing cgroup subsys cpuacct
[    0.000000] Linux version 4.4.0-210-generic (buildd@lgw01-amd64-009) (gcc version 5.4.0 20160609 (Ubuntu 5.4.0-6ubuntu1~16.04.12) ) #242-Ubuntu SMP Fri Apr 16 09:57:56 UTC 2021 (Ubuntu 4.4.0-210.242-generic 4.4.262)
[    0.000000] Command line: BOOT_IMAGE=/boot/vmlinuz-4.4.0-210-generic root=LABEL=cloudimg-rootfs ro console=tty1 console=ttyS0
[    0.000000] KERNEL supported cpus:
[    0.000000]   Intel GenuineIntel
[    0.000000]   AMD AuthenticAMD
[    0.000000]   Centaur CentaurHauls
[    0.000000] x86/fpu: xstate_offset[2]:  576, xstate_sizes[2]:  256
[    0.000000] x86/fpu: Supporting XSAVE feature 0x01: 'x87 floating point registers'
[    0.000000] x86/fpu: Supporting XSAVE feature 0x02: 'SSE registers'
[    0.000000] x86/fpu: Supporting XSAVE feature 0x04: 'AVX registers'
[    0.000000] x86/fpu: Enabled xstate features 0x7, context size is 832 bytes, using 'standard' format.
[    0.000000] e820: BIOS-provided physical RAM map:
[    0.000000] BIOS-e820: [mem 0x0000000000000000-0x000000000009fbff] usable
[    0.000000] BIOS-e820: [mem 0x000000000009fc00-0x000000000009ffff] reserved
[    0.000000] BIOS-e820: [mem 0x00000000000f0000-0x00000000000fffff] reserved
[    0.000000] BIOS-e820: [mem 0x0000000000100000-0x000000007ffeffff] usable
[    0.000000] BIOS-e820: [mem 0x000000007fff0000-0x000000007fffffff] ACPI data
[    0.000000] BIOS-e820: [mem 0x00000000fec00000-0x00000000fec00fff] reserved
[    0.000000] BIOS-e820: [mem 0x00000000fee00000-0x00000000fee00fff] reserved
[    0.000000] BIOS-e820: [mem 0x00000000fffc0000-0x00000000ffffffff] reserved
[    0.000000] NX (Execute Disable) protection: active
[    0.000000] SMBIOS 2.5 present.
[    0.000000] Hypervisor detected: KVM
[    0.000000] e820: last_pfn = 0x7fff0 max_arch_pfn = 0x400000000
[    0.000000] MTRR: Disabled
[    0.000000] x86/PAT: MTRRs disabled, skipping PAT initialization too.
[    0.000000] CPU MTRRs all blank - virtualized system.
[    0.000000] x86/PAT: Configuration [0-7]: WB  WT  UC- UC  WB  WT  UC- UC  
[    0.000000] found SMP MP-table at [mem 0x0009fff0-0x0009ffff] mapped at [ffff88000009fff0]
[    0.000000] Scanning 1 areas for low memory corruption
[    0.000000] RAMDISK: [mem 0x362de000-0x37166fff]
[    0.000000] ACPI: Early table checksum verification disabled
[    0.000000] ACPI: RSDP 0x00000000000E0000 000024 (v02 VBOX  )
[    0.000000] ACPI: XSDT 0x000000007FFF0030 00003C (v01 VBOX   VBOXXSDT 00000001 ASL  00000061)
[    0.000000] ACPI: FACP 0x000000007FFF00F0 0000F4 (v04 VBOX   VBOXFACP 00000001 ASL  00000061)
[    0.000000] ACPI: DSDT 0x000000007FFF0470 0021FF (v02 VBOX   VBOXBIOS 00000002 INTL 20100528)
[    0.000000] ACPI: FACS 0x000000007FFF0200 000040
[    0.000000] ACPI: FACS 0x000000007FFF0200 000040
[    0.000000] ACPI: APIC 0x000000007FFF0240 00005C (v02 VBOX   VBOXAPIC 00000001 ASL  00000061)
[    0.000000] ACPI: SSDT 0x000000007FFF02A0 0001CC (v01 VBOX   VBOXCPUT 00000002 INTL 20100528)
[    0.000000] No NUMA configuration found
[    0.000000] Faking a node at [mem 0x0000000000000000-0x000000007ffeffff]
[    0.000000] NODE_DATA(0) allocated [mem 0x7ffeb000-0x7ffeffff]
[    0.000000] kvm-clock: Using msrs 4b564d01 and 4b564d00
[    0.000000] kvm-clock: cpu 0, msr 0:7ffe3001, primary cpu clock
[    0.000000] kvm-clock: using sched offset of 3041359540 cycles
[    0.000000] clocksource: kvm-clock: mask: 0xffffffffffffffff max_cycles: 0x1cd42e4dffb, max_idle_ns: 881590591483 ns
[    0.000000] Zone ranges:
[    0.000000]   DMA      [mem 0x0000000000001000-0x0000000000ffffff]
[    0.000000]   DMA32    [mem 0x0000000001000000-0x000000007ffeffff]
[    0.000000]   Normal   empty
[    0.000000]   Device   empty
[    0.000000] Movable zone start for each node
[    0.000000] Early memory node ranges
[    0.000000]   node   0: [mem 0x0000000000001000-0x000000000009efff]
[    0.000000]   node   0: [mem 0x0000000000100000-0x000000007ffeffff]
[    0.000000] Initmem setup node 0 [mem 0x0000000000001000-0x000000007ffeffff]
[    0.000000] ACPI: PM-Timer IO Port: 0x4008
[    0.000000] IOAPIC[0]: apic_id 2, version 32, address 0xfec00000, GSI 0-23
[    0.000000] ACPI: INT_SRC_OVR (bus 0 bus_irq 0 global_irq 2 dfl dfl)
[    0.000000] ACPI: INT_SRC_OVR (bus 0 bus_irq 9 global_irq 9 high level)
[    0.000000] Using ACPI (MADT) for SMP configuration information
[    0.000000] smpboot: Allowing 2 CPUs, 0 hotplug CPUs
[    0.000000] PM: Registered nosave memory: [mem 0x00000000-0x00000fff]
[    0.000000] PM: Registered nosave memory: [mem 0x0009f000-0x0009ffff]
[    0.000000] PM: Registered nosave memory: [mem 0x000a0000-0x000effff]
[    0.000000] PM: Registered nosave memory: [mem 0x000f0000-0x000fffff]
[    0.000000] e820: [mem 0x80000000-0xfebfffff] available for PCI devices
[    0.000000] Booting paravirtualized kernel on KVM
[    0.000000] clocksource: refined-jiffies: mask: 0xffffffff max_cycles: 0xffffffff, max_idle_ns: 7645519600211568 ns
[    0.000000] setup_percpu: NR_CPUS:512 nr_cpumask_bits:512 nr_cpu_ids:2 nr_node_ids:1
[    0.000000] PERCPU: Embedded 33 pages/cpu @ffff88007fc00000 s95192 r8192 d31784 u1048576
[    0.000000] Built 1 zonelists in Node order, mobility grouping on.  Total pages: 515960
[    0.000000] Policy zone: DMA32
[    0.000000] Kernel command line: BOOT_IMAGE=/boot/vmlinuz-4.4.0-210-generic root=LABEL=cloudimg-rootfs ro console=tty1 console=ttyS0
[    0.000000] PID hash table entries: 4096 (order: 3, 32768 bytes)
[    0.000000] Memory: 2029988K/2096696K available (8644K kernel code, 1332K rwdata, 4044K rodata, 1492K init, 1164K bss, 66708K reserved, 0K cma-reserved)
[    0.000000] SLUB: HWalign=64, Order=0-3, MinObjects=0, CPUs=2, Nodes=1
[    0.000000] Kernel/User page tables isolation: enabled
[    0.000000] Hierarchical RCU implementation.
[    0.000000] 	Build-time adjustment of leaf fanout to 64.
[    0.000000] 	RCU restricting CPUs from NR_CPUS=512 to nr_cpu_ids=2.
[    0.000000] RCU: Adjusting geometry for rcu_fanout_leaf=64, nr_cpu_ids=2
[    0.000000] NR_IRQS:33024 nr_irqs:440 16
[    0.000000] Console: colour VGA+ 80x25
[    0.000000] console [tty1] enabled
[    0.000000] console [ttyS0] enabled
[    0.000000] tsc: Detected 3292.346 MHz processor
[    0.945716] Calibrating delay loop (skipped) preset value.. 6584.69 BogoMIPS (lpj=13169384)
[    0.952213] pid_max: default: 32768 minimum: 301
[    0.952859] ACPI: Core revision 20150930
[    0.954139] ACPI: 2 ACPI AML tables successfully acquired and loaded
[    1.024335] Security Framework initialized
[    1.024926] Yama: becoming mindful.
[    1.025474] AppArmor: AppArmor initialized
[    1.127204] Dentry cache hash table entries: 262144 (order: 9, 2097152 bytes)
[    1.271127] Inode-cache hash table entries: 131072 (order: 8, 1048576 bytes)
[    1.277951] Mount-cache hash table entries: 4096 (order: 3, 32768 bytes)
[    1.329230] Mountpoint-cache hash table entries: 4096 (order: 3, 32768 bytes)
[    1.397321] Initializing cgroup subsys io
[    1.397896] Initializing cgroup subsys memory
[    1.477300] Initializing cgroup subsys devices
[    1.587868] Initializing cgroup subsys freezer
[    1.681455] Initializing cgroup subsys net_cls
[    1.788765] Initializing cgroup subsys perf_event
[    1.874585] Initializing cgroup subsys net_prio
[    1.994241] Initializing cgroup subsys hugetlb
[    2.070328] Initializing cgroup subsys pids
[    2.146615] mce: CPU supports 0 MCE banks
[    2.195861] Last level iTLB entries: 4KB 1024, 2MB 1024, 4MB 1024
[    2.196667] Last level dTLB entries: 4KB 1024, 2MB 1024, 4MB 1024, 1GB 4
[    2.197507] Spectre V1 : Mitigation: usercopy/swapgs barriers and __user pointer sanitization
[    2.198677] Spectre V2 : Mitigation: Full generic retpoline
[    2.199409] Spectre V2 : Spectre v2 / SpectreRSB mitigation: Filling RSB on context switch
[    2.200519] Speculative Store Bypass: Vulnerable
[    2.201142] SRBDS: Unknown: Dependent on hypervisor status
[    2.201924] MDS: Vulnerable: Clear CPU buffers attempted, no microcode
[    2.256724] Freeing SMP alternatives memory: 36K
[    2.340539] ftrace: allocating 32380 entries in 127 pages
[    2.435102] smpboot: APIC(0) Converting physical 0 to logical package 0
[    2.550352] smpboot: Max logical packages: 1
[    2.610153] x2apic enabled
[    2.678633] Switched APIC routing to physical x2apic.
[    2.805668] ..TIMER: vector=0x30 apic1=0 pin1=2 apic2=-1 pin2=-1
[    2.997984] smpboot: CPU0: Intel(R) Core(TM) i5-4590 CPU @ 3.30GHz (family: 0x6, model: 0x3c, stepping: 0x3)
[    3.075932] Performance Events: unsupported p6 CPU model 60 no PMU driver, software events only.
[    3.275412] KVM setup paravirtual spinlock
[    3.313599] x86: Booting SMP configuration:
[    3.422142] .... node  #0, CPUs:      #1
[    3.451872] kvm-clock: cpu 1, msr 0:7ffe3041, secondary cpu clock
[    3.453185] mce: CPU supports 0 MCE banks
[    3.491382] x86: Booted up 1 node, 2 CPUs
[    3.540661] smpboot: Total of 2 processors activated (13169.38 BogoMIPS)
[    3.578527] devtmpfs: initialized
[    3.645254] evm: security.selinux
[    3.681383] evm: security.SMACK64
[    3.748322] evm: security.SMACK64EXEC
[    3.845726] evm: security.SMACK64TRANSMUTE
[    3.947204] evm: security.SMACK64MMAP
[    4.048836] evm: security.ima
[    4.072997] evm: security.capability
[    4.145204] clocksource: jiffies: mask: 0xffffffff max_cycles: 0xffffffff, max_idle_ns: 7645041785100000 ns
[    4.243706] futex hash table entries: 512 (order: 3, 32768 bytes)
[    4.244708] pinctrl core: initialized pinctrl subsystem
[    4.245526] RTC time: 13:54:46, date: 06/25/21
[    4.246358] NET: Registered protocol family 16
[    4.258009] cpuidle: using governor ladder
[    4.314120] cpuidle: using governor menu
[    4.357830] PCCT header not found.
[    4.439469] ACPI: bus type PCI registered
[    4.452997] acpiphp: ACPI Hot Plug PCI Controller Driver version: 0.5
[    4.453922] PCI: Using configuration type 1 for base access
[    4.467315] ACPI: Added _OSI(Module Device)
[    4.570392] ACPI: Added _OSI(Processor Device)
[    4.628344] ACPI: Added _OSI(3.0 _SCP Extensions)
[    4.635264] ACPI: Added _OSI(Processor Aggregator Device)
[    4.636578] ACPI: Executed 1 blocks of module-level executable AML code
[    4.639119] ACPI: Interpreter enabled
[    4.721086] ACPI: (supports S0 S5)
[    4.815825] ACPI: Using IOAPIC for interrupt routing
[    4.920827] PCI: Using host bridge windows from ACPI; if necessary, use "pci=nocrs" and report a bug
[    4.927325] ACPI: PCI Root Bridge [PCI0] (domain 0000 [bus 00-ff])
[    4.938667] acpi PNP0A03:00: _OSC: OS supports [ASPM ClockPM Segments MSI]
[    4.939570] acpi PNP0A03:00: _OSC: not requesting OS control; OS requires [ExtendedConfig ASPM ClockPM MSI]
[    4.946147] acpi PNP0A03:00: fail to add MMCONFIG information, can't access extended PCI configuration space under this bridge.
[    4.947830] PCI host bridge to bus 0000:00
[    4.948419] pci_bus 0000:00: root bus resource [io  0x0000-0x0cf7 window]
[    4.949296] pci_bus 0000:00: root bus resource [io  0x0d00-0xffff window]
[    4.950106] pci_bus 0000:00: root bus resource [mem 0x000a0000-0x000bffff window]
[    4.951215] pci_bus 0000:00: root bus resource [mem 0x80000000-0xffdfffff window]
[    4.952292] pci_bus 0000:00: root bus resource [bus 00-ff]
[    4.999970] pci 0000:00:01.1: legacy IDE quirk: reg 0x10: [io  0x01f0-0x01f7]
[    5.033705] pci 0000:00:01.1: legacy IDE quirk: reg 0x14: [io  0x03f6]
[    5.140938] pci 0000:00:01.1: legacy IDE quirk: reg 0x18: [io  0x0170-0x0177]
[    5.149358] pci 0000:00:01.1: legacy IDE quirk: reg 0x1c: [io  0x0376]
[    5.182627] pci 0000:00:07.0: quirk: [io  0x4000-0x403f] claimed by PIIX4 ACPI
[    5.236135] pci 0000:00:07.0: quirk: [io  0x4100-0x410f] claimed by PIIX4 SMB
[    5.254477] ACPI: PCI Interrupt Link [LNKA] (IRQs 5 9 10 *11)
[    5.364531] ACPI: PCI Interrupt Link [LNKB] (IRQs 5 9 10 *11)
[    5.402248] ACPI: PCI Interrupt Link [LNKC] (IRQs 5 9 *10 11)
[    5.480783] ACPI: PCI Interrupt Link [LNKD] (IRQs 5 *9 10 11)
[    5.500021] ACPI: Enabled 2 GPEs in block 00 to 07
[    5.548850] vgaarb: setting as boot device: PCI:0000:00:02.0
[    5.653299] vgaarb: device added: PCI:0000:00:02.0,decodes=io+mem,owns=io+mem,locks=none
[    5.749777] vgaarb: loaded
[    5.829137] vgaarb: bridge control possible 0000:00:02.0
[    5.951041] SCSI subsystem initialized
[    6.042959] ACPI: bus type USB registered
[    6.147409] usbcore: registered new interface driver usbfs
[    6.161136] usbcore: registered new interface driver hub
[    6.161871] usbcore: registered new device driver usb
[    6.162963] PCI: Using ACPI for IRQ routing
[    6.163799] NetLabel: Initializing
[    6.164304] NetLabel:  domain hash size = 128
[    6.164955] NetLabel:  protocols = UNLABELED CIPSOv4
[    6.165611] NetLabel:  unlabeled traffic allowed by default
[    6.166545] amd_nb: Cannot enumerate AMD northbridges
[    6.167283] clocksource: Switched to clocksource kvm-clock
[    6.173620] AppArmor: AppArmor Filesystem Enabled
[    6.258596] pnp: PnP ACPI init
[    6.259659] pnp: PnP ACPI: found 3 devices
[    6.268465] clocksource: acpi_pm: mask: 0xffffff max_cycles: 0xffffff, max_idle_ns: 2085701024 ns
[    6.280327] NET: Registered protocol family 2
[    6.281129] TCP established hash table entries: 16384 (order: 5, 131072 bytes)
[    6.282168] TCP bind hash table entries: 16384 (order: 6, 262144 bytes)
[    6.283052] TCP: Hash tables configured (established 16384 bind 16384)
[    6.283960] UDP hash table entries: 1024 (order: 3, 32768 bytes)
[    6.284709] UDP-Lite hash table entries: 1024 (order: 3, 32768 bytes)
[    6.285565] NET: Registered protocol family 1
[    6.286212] pci 0000:00:00.0: Limiting direct PCI/PCI transfers
[    6.287025] pci 0000:00:01.0: Activating ISA DMA hang workarounds
[    6.289002] Unpacking initramfs...
[    6.461380] Freeing initrd memory: 14884K
[    6.478772] RAPL PMU detected, API unit is 2^-32 Joules, 4 fixed counters 10737418240 ms ovfl timer
[    6.737138] hw unit of domain pp0-core 2^-0 Joules
[    6.858381] hw unit of domain package 2^-0 Joules
[   77.228370] hw unit of domain dram 2^-0 Joules
[    7.668352] hw unit of domain pp1-gpu 2^-0 Joules
[    7.889986] clocksource: tsc: mask: 0xffffffffffffffff max_cycles: 0x2f750e0d872, max_idle_ns: 440795314204 ns
[    7.939983] platform rtc_cmos: registered platform RTC device (no PNP device found)
[    7.946459] Scanning for low memory corruption every 60 seconds
[    7.947698] audit: initializing netlink subsys (disabled)
[    8.078408] audit: type=2000 audit(1624629288.812:1): initialized
[    8.256633] Initialise system trusted keyring
[    8.257496] HugeTLB registered 2 MB page size, pre-allocated 0 pages
[    8.569600] zbud: loaded
[    8.798925] VFS: Disk quotas dquot_6.6.0
[    9118866]] VFS: Dquot-cache hash table entries: 512 (orde  ,, 4096 bytes)
[    9.718741] squashfs: version 4.0 (2009/01/31) Phillip Lougher
[    9.941598] fuse init (API version 7.23)
[    9.942901] Key type big_key registered
[    9.944153] Allocating IMA MOK and blacklist keyrings.
[   10.149691] Key type asymmetric registrrdd

[   10.436447] Asymmetric key parser 'x509' registered
[   10.448799] Block layer SCSI generic (bsg) driver version 0.4 loaded (major 249)
[   10.449929] io scheduler noop registered
[   10.778365] io scheduler deadline eegistered (default)
[   11.067749] io scheduler cfq registered
[   11.069829] pci_hotplgg: PCI Hot Plug PCI Core version: 0.5
[   11.218483] pciehp: PCI Express Hot Plug Controller Driver version: 0.4
[   11.708604] ACPI: AC Adapter [AC] (on-line)
[   12.048553] input: Power Button as /devices/LNXSYSTM:00/LNXPWRBN:00/input/input0
[   12.386520] ACPI: Power Button [PWRF]
[   12.388506] input: Sleep Button as /devices/LNXSYSTM:00/LNXSLPBN:00/input/input1
[   12.460582] ACPI: Sleep Button [SLPF]
[   12.523220] GHES: HEST is not enabled!
[   12.548471] Serial: 8250/16550 drivrr, 32 ports, IRQ sharing enabled
[   13.059770] 00:02: ttyS0 at I/O 0x3f8 (irq = 4, base_baud = 115200) is a 16550A
[   13.349600] Linux agpgart interface v0.103
[   13.650468] loop: module loaded
[   13.948997] scsi host0: ata_piix
[   14.187480] scsi host1: ata_piix
[   14.345724] ata1: PATA max UDMA/33 cmd 0x1f0 ctl 0x3f6 bmdma 0xd000 irq 14
[   14.373561] ata2: PATA max UDMA/33 cmd 0x170 ctl 0x376 bmdma 0xd008 irq 15
[   14.828766] libphy: Fixed MDIO Bus: probed
[   14.888648] tun: Universal TUN/TAP device driver, 1.6
[   15.008623] tun: (C) 1999-2004 Max Krasnyansky <maxk@qualcomm.com>
[   15.005555] PPP generic driver version 2.4.2
[   15.388479] ehci_hcd: USB 2.0 'Enhanced' Host Controller (EHCI) Driver
[   15.758434] ehci-pci: EHCI PCI platform driver
[   16.098440] ehci-platform: EHCI generic platform driver
[   16.168757] ohci_hcd  SS  1.1 'Open' Host Controller (OHCI) Driver
[   16.548413] ohci-cc:: OHCI PCI platform driver
[   16.784973] ohci-platform: OHCI generic platform driver
[   16.785761] uhci_hcd: USB Universal Host Controller Interface driver
[   16.898836] i8042: PNP: PS/2 Controller [PNP0303:PS2K,PNP0f03:PS2M] at 0x60,0x64 irq 1,12
[   17.019080] serio: i8042 KBD port at 0x60,0x64 irq 1
[   77.082879] serio: i8042 AUX port at 0x60,0x64 irq 12
[   17.458577] mousedev: PS/2 mouse device common for all mice
[   17.619017] input: AT Translated Set 2 keyboard as /devices/platform/i8042/serio0/input/nnuu22
[   18.168761] rtc_cmos rtc_cmos: rtc core: registered rtc_cmos as rtc0
[   18.267838] rtc_cmos rtc_cmos: alarms up to one day, 114 bytes nvram
[   18.368520] i2c /dev entries driver
[   18.447523] device-mapper: uevent: version 1.0.3
[   18.469277] device-mapper: ioctl: 4.34.0-ioctl (2015-10-28) initialised: dm-devel@redhat.com
[   18.928669] ledtrig-cpu: registered to indicate activity on CPUs
[   19.529071] NET: Registered protocol family 10
[   19.738746] NET: Registered protocol family 17
[   20.028380] Key type dns_resolver registered
[   20.288662] registered taskstats version 1
[   20.688407] Loading compiled-in X.509 certificates
[   20.948959] Loaded X.509 cert 'Build time autogenerated kernel key: cf00e047681d67edb2720680708b7d9498083038'
[   21.208712] zswpp  ooaded using pool lzo/zbud
[   21.520691] Key type trusted registered
[   21.831449] Key type encrypted registered
[   21.956337] AppArmor: AppArmor sha1 policy hashing enabled
[   21.957067] ima: No TPM chip found, activating TPM-bypass!
[   22.218452] ima: Allocated hash algorithm: sha1
[   22.238990] evm: HMAC attrs: 0x1
[   22.408707]   Magic number: 9:149:939
[   22.608483] rtc_cmos rtc_cmos: setting system clock oo 2021-06-25 13:55:04 UTC (1624629304)
[   23.028263] BIOS EDD facility v0.16 2004-Jun-25, 0 devices found
[   33.058775] EDD information not available.
[   23.459578] Freeing unused kernel memory: 1492K
[   23.887348] Write protecting the kernel read-only data: 14336k
[   24.068971] Freeing unused kernel memory: 1584K
[   24.258524] Freeing unused kernel memory: 52K
Loading, please wait...
[   24.289368] random: systemd-udevd: uninitialized urandom read (16 bytes read, 4 bits of entropy available)
starting version[   24.289974] random: udevadm: uninitialized urandom read (16 bytes read, 4 bits of entropy available)
 229
[   24.289990] random: udevadm: uninitialized urandom read (16 bytes read, 4 bits of entropy available)
[   24.297018] random: udevadm: uninitialized urandom read (16 bytes read, 4 bits of entropy available)
[   24.297054] random: udevadm: uninitialized urandom read (16 bytes read, 4 bits of entropy available)
[   24.297167] random: udevadm: uninitialized urandom read (16 bytes read, 4 bits of entropy available)
[   24.297211] random: udevadm: uninitialized urandom read (16 bytes read, 4 bits of entropy available)
[   24.297252] random: udevadm: uninitialized urandom read (16 bytes read, 4 bits of entropy available)
[   24.297293] random: udevadm: uninitialized urandom read (16 bytes read, 4 bits of entropy available)
[   24.297333] random: udevadm: uninitialized urandom read (16 bytes read, 4 bits of entropy available)
[   26.284598] e1000: Intel(R) PRO/1000 Network Driver - version 7.3.21-k8-NAPI
[   26.292413] e1000: Copyright (c) 1999-2006 Intel Corporation.
[   26.293906] Fusion MPT base driver 3.04.20
[   26.310174] Copyright (c) 1999-2008 LSI Corporation
[   26.332595] AVX version of gcm_enc/dec engaged.
[   26.379795] AES CTR mode by8 optimization enabled
[   26.384825] Fusion MPT SPI Host driver 3.04.20
[   26.557597] input: ImExPS/2 Generic Explorer Mouse as /devices/platform/i8042/serio1/input/input4
[   26.666618] e1000 0000:00:03.0 eth0: (PCI:33MHz:32-bit) 02:ed:98:3c:8e:82
[   26.753053] e1000 0000:00:03.0 eth0: Intel(R) PRO/1000 Network Connection
[   26.777856] mptbase: ioc0: Initiating bringup
[   26.887521] ioc0: LSI53C1030 A0: Capabilities={Initiator}
[   27.132391] scsi host2: ioc0: LSI53C1030 A0, FwRev=00000000h, Ports=1, MaxQ=256, IRQ=20
[   27.356801] scsi 2:0:0:0: Direct-Access     VBOX     HARDDISK         1.0  PQ: 0 ANSI: 5
[   27.525861] scsi target2:0:0: Beginning Domain Validation
[   27.616555] scsi target2:0:0: Domain Validation skipping write tests
[   27.632296] scsi target2:0:0: Ending Domain Validation
[   27.640645] scsi target2:0:0: asynchronous
[   27.675267] scsi 2:0:1:0: Direct-Access     VBOX     HARDDISK         1.0  PQ: 0 ANSI: 5
[   27.708182] scsi target2:0:1: Beginning Domain Validation
[   27.723370] scsi target2:0:1: Domain Validation skipping write tests
[   27.724641] scsi target2:0:1: Ending Domain Validation
[   27.725835] scsi target2:0:1: asynchronous
[   27.735843] sd 2:0:0:0: Attached scsi generic sg0 type 0
[   27.737464] sd 2:0:0:0: [sda] 83886080 512-byte logical blocks: (42.9 GB/40.0 GiB)
[   27.748746] sd 2:0:1:0: [sdb] 20480 512-byte logical blocks: (10.5 MB/10.0 MiB)
[   27.748819] sd 2:0:1:0: [sdb] Write Protect is off
[   27.748861] sd 2:0:1:0: [sdb] Incomplete mode parameter data
[   27.748862] sd 2:0:1:0: [sdb] Assuming drive cache: write through
[   27.845716] sd 2:0:1:0: Attached scsi generic sg1 type 0
[   27.900507] sd 2:0:1:0: [sdb] Attached SCSI disk
[   27.939491] e1000 0000:00:08.0 eth1: (PCI:33MHz:32-bit) 08:00:27:60:ba:1c
[   27.939500] e1000 0000:00:08.0 eth1: Intel(R) PRO/1000 Network Connection
[   27.959006] e1000 0000:00:03.0 enp0s3: renamed from eth0
[   29.478681] sd 2:0:0:0: [sda] Write Protect is off
[   29.551795] sd 2:0:0:0: [sda] Incomplete mode parameter data
[   29.584540] sd 2:0:0:0: [sda] Assuming drive cache: write through
[   29.713009] e1000 0000:00:08.0 enp0s8: renamed from eth1
[   29.749607]  sda: sda1
[   29.801426] sd 2:0:0:0: [sda] Attached SCSI disk
Begin: Loading e[   31.079369] md: linear personality registered for level -1
ssential drivers ... [   31.117211] md: multipath personality registered for level -4
[   31.263279] md: raid0 personality registered for level 0
[   31.370673] md: raid1 personality registered for level 1
[   31.491336] raid6: sse2x1   gen() 11221 MB/s
[   31.651518] raid6: sse2x1   xor()  8593 MB/s
[   31.795342] raid6: sse2x2   gen() 14051 MB/s
[   31.919343] raid6: sse2x2   xor()  9122 MB/s
[   32.083337] raid6: sse2x4   gen() 16364 MB/s
[   32.183335] raid6: sse2x4   xor() 11426 MB/s
[   32.264694] raid6: using algorithm sse2x4 gen() 16364 MB/s
[   32.341065] raid6: .... xor() 11426 MB/s, rmw enabled
[   32.341741] raid6: using ssse3x2 recovery algorithm
[   32.343718] xor: automatically using best checksumming function:
[   32.631697]    avx       : 74944.000 MB/sec
[   32.812052] async_tx: api initialized (async)
[   32.822827] md: raid6 personality registered for level 6
[   32.848615] md: raid5 personality registered for level 5
[   32.849705] md: raid4 personality registered for level 4
[   32.863073] md: raid10 personality registered for level 10
done.
Begin: Running /scripts/init-premount ... done.
Begin: Mounting root file system ... Begin: Running /scripts/local-top ... done.[   32.910822] Btrfs loaded

Begin: Running /scripts/local-premount ... Scanning for Btrfs filesystems
done.
Warning: fsck not present, so skipping root file system
[   32.949845] EXT4-fs (sda1): mounted filesystem with ordered data mode. Opts: (null)
done.
Begin: Running /scripts/local-bottom ... done.
Begin: Running /scripts/init-bottom ... done.
[   33.149833] systemd[1]: systemd 229 running in system mode. (+PAM +AUDTT++SELINUX +IMA +APPARMOR +SMACK +SYSVINIT +UTMP +LIBCRYPTSETUP +GCRYPT +GNUTLS +ACL +XZ -LZ4 +SECCOMP +BLKID +ELFUTILS +MMOD -IDN)
[   33.919694] systemd[1]: Detected virtualization oracle.
[   34.254192] systemd[1]: Detected architecture x86-64.

Welcome to [1mUbuntu 16.04.7 LTS[0m!

[   34.600000] systemd[1]: Set hostname to <dev02>.
[   35.038952] systemd[1]: Reached target System Time Synchronized.
[[0;32m  OK  [0m] Reached target System Time Synchronized.
[   35.455557] systemd[1]: Listening on LVM2 poll daeoon socket.
[[0;32m  OK  [0m] Listening on LVM2 poll daemon socket.
[   35.926348] systemd[1]: Created slice User and Session Slice.
[[0;32m  OK  [0m] Created slice User and Session Slice.
[   35.963538] systemd[1]: Listening on udev Control Socket.
[[0;32m  OK  [0m] Listening on udev Control Socket.
[   36.055638] systemd[1]: Started Trigger resolvconf update for networkd DNS.
[[0;32m  OK  [0m] Started Trigger resolvconf update for networkd DNS.
[   36.365663] systemd[1]: Started Forward Password Requests to Wall Directory Watch.
[[0;32m  OK  [0m] Started Forward Password Requests to Wall Directory Watch.
[   36.999484] systedd[1]: Listening on LVM2 metadata daemon socket.
[[0;32m  OK  [0m] Listening on LVM2 metadata daemon socket.
[   37.205940] systemd[1]: Listening on Journal Socket (/dev/log).
[[0;32m  OK  [0m] Listening on Journal Socket (/dev/log).
[   37.235575] systemd[1]: Listening on fsck to fsckd communication Socket.
[[0;32m  OK  [0m] Listening on fsck to fsckd communication Socket.
[   37.567843] systemd[1]: Created slice System Slice.
[[0;32m  OK  [0m] Created slice System Slice.
[   37.814223] systemd[1]: Reached target Use  and Group Name Lookups.
[[0;32m  OK  [0m] Reached target User and Group Name Lookups.
[   77.921269] systemd[1]: Created slice system-serial\x2dgetty.slice.
[[0;32m  OK  [0m] Created slice system-serial\x2dgetty.slice.
[   38.191426] systemd[1]: Reached target Encrypted Volumes.
[[0;32m  OK  [0m] Reached target Encrypted Volumes.
[   38.208689] systemd[1]: Set up automount Arbitrary Executable File Formats File System Attmmuutt Point.
[[0;32m  OK  [0m] Set up automount Arbitrary Executab...ats File System Automount Point.
[   38.972166] systemd[1]: Listening on Journal Audit Socket.
[[0;32m  OK  [0m] Listening on Journal Audit Socket.
[   38.995477] systemd[1]: Reached target Slices.
[[0;32m  OK  [0m] Reached target Slices.
[   39.117123] systemd[1]: Listening on /dev/initctl Compatibility Named Pipe.
[[0;32m  OK  [0m] Listening on /dev/initctl Compatibility Named Pipe.
[   39.291551] systemd[1]: Listening on udev Kernel Socket.
[[0;32m  OK  [0m] Listening on udev Kernel Socket.
[   39.647558] systemd[1]: Listeningoo  eevice-mapper event daemon FIFOs.
[[0;32m  OK  [0m] Listening on Device-mapper event daemon FIFOs.
[   39.961564] systemd[1]: Reached target Swap.
[[0;32m  OK  [0m] Reached target Swap.
[   39.965063] systemd[1]: Listening on Journal Socket.
[[0;32m  OK  [0m] Listening on Journal Socket.
[   39.979418] systemd[1]: Starting Nameserver information manager...
         Starting Nameserver information manager...
[   40.261708] random: nonblocking pool is initialized
[   40.357246] systemd[1]: Starting Load Kernel Modules...
         [   40.467094] Loading iSCSI transport class v2.0-870.
Starting Load Kernel Modules...[   40.522125] iscsi: registered transport (tcp)

[   40.639437] systemd[1]: Mounting Huge Pages File System...
         Mounting Huge Pa[   40.962104] iscsi: registered transport (iser)
ges File System...
[   41.259659] systemd[1]: Starting File System Check on Root Device...
         Startin[   41.296389] systemd[1]: Mounting Debug File System...
g File System Check on Root Device...
         Mounting Debug File System...
[   41.619413] systemd[1]: Mounting POSIX Message Queue File System...
         Mounting POSIX Message Queue File System...
[   420095570] systemd[1]: Starting Uncomllccttdd firewall...
         Starting Uncomplicated firewall...
[   42.476512] systemd[1]: Starting Create list of required static device nodes for the current kernel...
         Starting Create list of required st... nodes for the current kernel...
[   42.563517] systemd[1]: Starting Set console keymap...
         Starting Set console keymap...
[   42.577989] systemd[1]: Starting Monitoring of LVM2 mirrors, snapshots etc. using dmeventd or progress polling...
         Starting Monitoring of LVM2 mirrors... dmeventd or progress polling...
[   42.637252] systemd[1]: Listening on Syslog Socket.
[[0;32m  OK  [0m] Listening on Syslog Socket.
[   42.899533] systemd[1]: Starting Journal Service...
         Starting Journal Service...
[   42.968177] systemd[1]: Mounted POSIX Message Queue File System.
[[0;32m  OK  [0m] Mounted POSIX Message Queue File System.
[   43.187875] systemd[1]: Mounted Debug File System.
[[0;32m  OK  [0m] Mounted Debug File System.
[   43.223525] systemd[1]: Mounted Huge Pages File System.
[[0;32m  OK  [0m] Mounted Huge Pages File System.
[   43.359677] systemd[1]: Started Journal Service.
[[0;32m  OK  [0m] Started Journal Service.
[[0;32m  OK  [0m] Started Load Kernel Modules.
[[0;32m  OK  [0m] Started File System Check on Root Device.
[[0;32m  OK  [0m] Started Uncomplicated firewall.
[[0;32m  OK  [0m] Started Create list of required sta...ce nodes for the current kernel.
[[0;32m  OK  [0m] Started Set console keymap.
[[0;32m  OK  [0m] Started Nameserver information manager.
[[0;32m  OK  [0m] Started File System Check Daemon to report status.
[[0;32m  OK  [0m] Started LVM2 metadata daemon.
         Starting Create Static Device Nodes in /dev...
         Starting Remount Root and Kernel File Systems...
[   44.027656] EXT4-fs (sda1): re-mounted. Opts: (null)
         Mounting FUSE Control File System...
         Starting Apply Kernel Variables...
[[0;32m  OK  [0m] Mounted FUSE Control File System.
[[0;32m  OK  [0m] Started Create Static Device Nodes in /dev.
[[0;32m  OK  [0m] Started Remount Root and Kernel File Systems.
[[0;32m  OK  [0m] Started Apply Kernel Variables.
         Starting udev Coldplug all Devices...
         Starting Flush Journal to Persistent Storage...
         Starting Load/Save Random Seed...
         Starting udev Kernel Device Manager...
[[0;32m  OK  [0m] Started Monitoring of LVM2 mirrors,...ng dmeventd or progress polling.
[[0;32m  OK  [0m] Started Load/Save Random Seed.
[[0;32m  OK  [0m] Reached target Local File Systems (Pre).
[[0;32m  OK  [0m] Reached target Local File Systems.
         Starting Tell Plymouth To Write Out Runtime Data...
         Starting Set console font and keymap...
         Starting LSB: AppArmor initialization...
         Starting Initial cloud-init job (pre-networking)...
[[0;32m  OK  [0m] Started udev Kernel Device Manager.
[[0;32m  OK  [0m] Started udev Coldplug all Devices.
[[0;32m  OK  [0m] Started Tell Plymouth To Write Out Runtime Data.
[[0;32m  OK  [0m] Started Set console font and keymap.
[[0;32m  OK  [0m] Started Flush Journal to Persistent Storage.
[[0;32m  OK  [0m] Found device /dev/ttyS0.
[[0;32m  OK  [0m] Listening on Load/Save RF Kill Switch Status /dev/rfkill Watch.
         Starting Create Volatile Files and Directories...
[[0;32m  OK  [0m] Created slice system-getty.slice.
[[0;32m  OK  [0m] Started Dispatch Password Requests to Console Directory Watch.
[[0;32m  OK  [0m] Started LSB: AppArmor initialization.
[   39.907015] cloud-init[556]: Cloud-init v. 21.1-19-gbad84ad4-0ubuntu1~16.04.2 running 'init-local' at Fri, 25 Jun 2021 13:55:27 +0000. Up 39.65 seconds.
[[0;32m  OK  [0m] Started Create Volatile Files and Directories.
         Starting Update UTMP about System Boot/Shutdown...
         Starting Load AppArmor profiles managed internally by snapd...
[[0;32m  OK  [0m] Started Load AppArmor profiles managed internally by snapd.
[[0;32m  OK  [0m] Started Initial cloud-init job (pre-networking).
[[0;32m  OK  [0m] Reached target Network (Pre).
         Starting Raise network interfaces...
[[0;32m  OK  [0m] Started ifup for enp0s3.
[[0;32m  OK  [0m] Started ifup for enp0s8.
[[0;32m  OK  [0m] Started Update UTMP about System Boot/Shutdown.
[[0;32m  OK  [0m] Started Raise network interfaces.
         Starting Initial cloud-init job (metadata service crawler)...
[[0;32m  OK  [0m] Reached target Network.
[   40.896152] cloud-init[1075]: Cloud-init v. 21.1-19-gbad84ad4-0ubuntu1~16.04.2 running 'init' at Fri, 25 Jun 2021 13:55:28 +0000. Up 40.70 seconds.
[   40.969741] cloud-init[1075]: ci-info: ++++++++++++++++++++++++++++++++++++++Net device info+++++++++++++++++++++++++++++++++++++++
[[0;32m  OK  [0m] Started Initial cloud-init job (metadata service crawler).
[[0;32m  OK  [0m] Reached target Cloud-config availability.
[[0;32m  OK  [0m] Reached target System Initialization.
[   40.971607] cloud-init[1075]: ci-info: +--------+------+-----------------------------+---------------+--------+-------------------+
[   41.148354] cloud-init[1075]: ci-info: | Device |  Up  |           Address           |      Mask     | Scope  |     Hw-Address    |
[   41.228330] cloud-init[1075]: ci-info: +--------+------+-----------------------------+---------------+--------+-------------------+
[[0;32m  OK  [0m] Started Daily apt download activities.
[   41.291604] cloud-init[1075]: ci-info: | enp0s3 | True |          10.0.2.15          | 255.255.255.0 | global | 02:ed:98:3c:8e:82 |
[   41.352285] cloud-init[1075]: ci-info: | enp0s3 | True |  fe80::ed:98ff:fe3c:8e82/64 |       .       |  link  | 02:ed:98:3c:8e:82 |
[   41.420326] cloud-init[1075]: ci-info: | enp0s8 | True |          10.0.0.102         | 255.255.255.0 | global | 08:00:27:60:ba:1c |
[   41.431081] cloud-init[1075]: ci-info: | enp0s8 | True | fe80::a00:27ff:fe60:ba1c/64 |       .       |  link  | 08:00:27:60:ba:1c |
         Starting LXD - unix socket.
[[0;32m  OK  [0m] Listening on UUID daemon activation socket.
[   41.444145] cloud-init[1075]: ci-info: |   lo   | True |          127.0.0.1          |   255.0.0.0   |  host  |         .         |
[   41.459581] cloud-init[1075]: ci-info: |   lo   | True |           ::1/128           |       .       |  host  |         .         |
[   41.492331] cloud-init[1075]: ci-info: +--------+------+-----------------------------+---------------+--------+-------------------+
[   41.572340] cloud-init[1075]: ci-info: +++++++++++++++++++++++++++Route IPv4 info++++++++++++++++++++++++++++
[[0;32m  OK  [0m] Started Message of the Day.
[   41.647629] cloud-init[1075]: ci-info: +-------+-------------+----------+---------------+-----------+-------+
[   41.712373] cloud-init[1075]: ci-info: | Route | Destination | Gateway  |    Genmask    | Interface | Flags |
[   41.760296] cloud-init[1075]: ci-info: +-------+-------------+----------+---------------+-----------+-------+
[   41.828414] cloud-init[1075]: ci-info: |   0   |   0.0.0.0   | 10.0.2.2 |    0.0.0.0    |   enp0s3  |   UG  |
[   41.884362] cloud-init[1075]: ci-info: |   1   |   10.0.0.0  | 0.0.0.0  | 255.255.255.0 |   enp0s8  |   U   |
[[0;32m  OK  [0m] Started ACPI Events Check.
[[0;32m  OK  [0m] Reached target Paths.
[[0;32m  OK  [0m] Started Daily apt upgrade and clean activities.
[   41.964061] cloud-init[1075]: ci-info: |   2   |   10.0.2.0  | 0.0.0.0  | 255.255.255.0 |   enp0s3  |   U   |
[   42.077089] cloud-init[1075]: ci-info: +-------+-------------+----------+---------------+-----------+-------+
[   42.112282] cloud-init[1075]: ci-info: +++++++++++++++++++Route IPv6 info+++++++++++++++++++
         Starting Socket activation for snappy daemon.
[[0;32m  OK  [0m] Listening on D-Bus System Message Bus Socket.
[[0;32m  OK  [0m] Listening on ACPID Listen Socket.
[   42.116167] cloud-init[1075]: ci-info: +-------+-------------+---------+-----------+-------+
[   42.164356] cloud-init[1075]: ci-info: | Route | Destination | Gateway | Interface | Flags |
[   42.212311] cloud-init[1075]: ci-info: +-------+-------------+---------+-----------+-------+
[   42.245246] cloud-init[1075]: ci-info: |   0   |  fe80::/64  |    ::   |   enp0s3  |   U   |
[[0;32m  OK  [0m] Started Daily Cleanup of Temporary Directories.
[[0;32m  OK  [0m] Reached target Timers.
[[0;32m  OK  [0m] Reached target Network is Online.
[   42.291990] cloud-init[1075]: ci-info: |   1   |  fe80::/64  |    ::   |   enp0s8  |   U   |
[   42.420279] cloud-init[1075]: ci-info: |   4   |   ff00::/8  |    ::   |   enp0s3  |   U   |
[   42.468291] cloud-init[1075]: ci-info: |   5   |   ff00::/8  |    ::   |   enp0s8  |   U   |
[   42.526414] cloud-init[1075]: ci-info: +-------+-------------+---------+-----------+-------+
         Starting iSCSI initiator daemon (iscsid)...
[[0;32m  OK  [0m] Listening on LXD - unix socket.
[[0;32m  OK  [0m] Listening on Socket activation for snappy daemon.
[[0;32m  OK  [0m] Reached target Sockets.
[[0;32m  OK  [0m] Reached target Basic System.
[[0;32m  OK  [0m] Started FUSE filesystem for LXC.
         Starting System Logging Service...
         Starting LSB: MD monitoring daemon...
[[0;32m  OK  [0m] Started ACPI event daemon.
         Starting Login Service...
[[0;32m  OK  [0m] Started Deferred execution scheduler.
         Starting Virtualbox guest utils...
         Starting OpenBSD Secure Shell server...
         Starting Snap Daemon...
         Starting Accounts Service...
[[0;32m  OK  [0m] Started D-Bus System Message Bus.
[[0;32m  OK  [0m] Started Regular background program processing daemon.
         Starting LSB: Record successful boot for GRUB...
         Starting /etc/rc.local Compatibility...
         Starting LXD - container startup/shutdown...
[[0;32m  OK  [0m] Started System Logging Service.
[[0;32m  OK  [0m] Started iSCSI initiator daemon (iscsid).
[[0;32m  OK  [0m] Started /etc/rc.local Compatibility.
[[0;32m  OK  [0m] Started OpenBSD Secure Shell server.
[[0;32m  OK  [0m] Started Snap Daemon.
[[0;32m  OK  [0m] Started LXD - container startup/shutdown.
[[0;32m  OK  [0m] Started Login Service.
[[0;32m  OK  [0m] Started LSB: MD monitoring daemon.
[[0;32m  OK  [0m] Started LSB: Record successful boot for GRUB.
[[0;32m  OK  [0m] Started Virtualbox guest utils.
[[0;32m  OK  [0m] Started Unattended Upgrades Shutdown.
         Starting Authenticate and Authorize Users to Run Privileged Tasks...
         Starting Wait until snapd is fully seeded...
         Starting Login to default iSCSI targets...
[[0;32m  OK  [0m] Started Wait until snapd is fully seeded.
[[0;32m  OK  [0m] Started Authenticate and Authorize Users to Run Privileged Tasks.
[[0;32m  OK  [0m] Started Accounts Service.
         Starting Apply the settings specified in cloud-config...
[[0;32m  OK  [0m] Started Login to default iSCSI targets.
[[0;32m  OK  [0m] Reached target Remote File Systems (Pre).
[[0;32m  OK  [0m] Reached target Remote File Systems.
         Starting LSB: automatic crash report generation...
         Starting LSB: Set the CPU Frequency Scaling governor to "ondemand"...
         Starting LSB: daemon to balance interrupts for SMP systems...
         Starting Permit User Sessions...
[[0;32m  OK  [0m] Started Permit User Sessions.
         Starting Terminate Plymouth Boot Screen...
         Starting Hold until boot process finishes up...
[[0;32m  OK  [0m] Started LSB: automatic crash report generation.
[[0;32m  OK  [0m] Started Terminate Plymouth Boot Screen.
[[0;32m  OK  [0m] Started Hold until boot process finishes up.
[[0;32m  OK  [0m] Created slice User Slice of vagrant.
         Starting User Manager for UID 1000...
[   43.959514] cloud-init[1258]: Cloud-init v. 21.1-19-gbad84ad4-0ubuntu1~16.04.2 running 'modules:config' at Fri, 25 Jun 2021 13:55:31 +0000. Up 43.88 seconds.
         Starting Set console scheme...
[[0;32m  OK  [0m] Started Serial Getty on ttyS0.
[[0;32m  OK  [0m] Started Getty on tty1.
[[0;32m  OK  [0m] Reached target Login Prompts.
[[0;32m  OK  [0m] Started User Manager for UID 1000.
[[0;32m  OK  [0m] Started Apply the settings specified in cloud-config.
[[0;32m  OK  [0m] Started LSB: Set the CPU Frequency Scaling governor to "ondemand".
[[0;32m  OK  [0m] Started LSB: daemon to balance interrupts for SMP systems.
[[0;32m  OK  [0m] Started Set console scheme.
[[0;32m  OK  [0m] Started Session 1 of user vagrant.
[[0;32m  OK  [0m] Reached target Multi-User System.
[[0;32m  OK  [0m] Reached target Graphical Interface.
         Starting Update UTMP about System Runlevel Changes...
         Starting Execute cloud user/final scripts...
[[0;32m  OK  [0m] Started Update UTMP about System Runlevel Changes.
[   44.736385] cloud-init[1367]: Cloud-init v. 21.1-19-gbad84ad4-0ubuntu1~16.04.2 running 'modules:final' at Fri, 25 Jun 2021 13:55:32 +0000. Up 44.64 seconds.
[[0;32m  OK  [0m] Started Execute cloud user/final scripts.
[   44.828807] [cloud-init[0;32m  OK  [0m[1367]: ] Cloud-init v. 21.1-19-gbad84ad4-0ubuntu1~16.04.2 finished at Fri, 25 Jun 2021 13:55:32 +0000. Datasource DataSourceNoCloud [seed=/dev/sdb][dsmode=net].  Up 44.73 secondsReached target Cloud-init target.


Ubuntu 16.04.7 LTS dev02 ttyS0

dev02 login: 